<?xml version="1.0" encoding="UTF-8"?>
<!-- Generated by org.testng.reporters.JUnitXMLReporter -->
<testsuite ignored="0" hostname="DESKTOP-6UK72BP" failures="1" tests="3" name="ErrorValidation" time="40.729" errors="0" timestamp="2025-04-22T05:38:36 IST">
  <testcase classname="gow.automation.ErrorValidation" name="LoginErrorValidation" time="3.133">
    <skipped/>
  </testcase> <!-- LoginErrorValidation -->
  <testcase classname="gow.automation.ErrorValidation" name="LoginErrorValidation" time="1.852">
    <failure type="java.lang.AssertionError" message="expected [Incorrect email or password.] but found [Incorrect email or password]">
      <![CDATA[java.lang.AssertionError: expected [Incorrect email or password.] but found [Incorrect email or password]
at gow.automation.ErrorValidation.LoginErrorValidation(ErrorValidation.java:24)
at java.base/java.util.ArrayList.forEach(ArrayList.java:1511)
at java.base/java.util.concurrent.FutureTask.run(FutureTask.java:264)
at java.base/java.util.concurrent.ThreadPoolExecutor.runWorker(ThreadPoolExecutor.java:1130)
at java.base/java.util.concurrent.ThreadPoolExecutor$Worker.run(ThreadPoolExecutor.java:630)
at java.base/java.lang.Thread.run(Thread.java:832)
... Removed 23 stack frames]]>
    </failure>
  </testcase> <!-- LoginErrorValidation -->
  <testcase classname="gow.automation.ErrorValidation" name="ProductErrorOrder" time="6.196"/>
</testsuite> <!-- ErrorValidation -->
