<?xml version="1.0" encoding="UTF-8"?>
<!-- Generated by org.testng.reporters.JUnitXMLReporter -->
<testsuite ignored="0" hostname="DESKTOP-6UK72BP" failures="0" tests="3" name="SubmitOrderTest" time="47.85" errors="0" timestamp="2025-04-22T05:38:43 IST">
  <testcase classname="gow.automation.SubmitOrderTest" name="submitOrder" time="13.782"/>
  <testcase classname="gow.automation.SubmitOrderTest" name="submitOrder" time="8.574"/>
  <testcase classname="gow.automation.SubmitOrderTest" name="OrderHistoryTest" time="2.257"/>
</testsuite> <!-- SubmitOrderTest -->
