<?xml version="1.0" encoding="UTF-8"?>
<!-- Generated by org.testng.reporters.JUnitXMLReporter -->
<testsuite ignored="0" hostname="DESKTOP-6UK72BP" failures="0" tests="3" name="SubmitOrderTest" time="44.455" errors="0" timestamp="2025-04-27T20:44:22 IST">
  <testcase classname="gow.automation.SubmitOrderTest" name="submitOrder" time="9.625"/>
  <testcase classname="gow.automation.SubmitOrderTest" name="submitOrder" time="7.786"/>
  <testcase classname="gow.automation.SubmitOrderTest" name="OrderHistoryTest" time="2.907"/>
</testsuite> <!-- SubmitOrderTest -->
