<?xml version="1.0" encoding="UTF-8"?>
<!-- Generated by org.testng.reporters.JUnitReportReporter -->
<testsuite hostname="DESKTOP-6UK72BP" failures="0" tests="3" name="gow.automation.SubmitOrderTest" time="30.917" errors="0" timestamp="2025-04-27T09:17:48 IST" skipped="0">
  <testcase classname="gow.automation.SubmitOrderTest" name="submitOrder" time="12.345"/>
  <testcase classname="gow.automation.SubmitOrderTest" name="submitOrder" time="11.302"/>
  <testcase classname="gow.automation.SubmitOrderTest" name="OrderHistoryTest" time="7.270"/>
</testsuite> <!-- gow.automation.SubmitOrderTest -->
