<?xml version="1.0" encoding="UTF-8"?>
<!-- Generated by org.testng.reporters.JUnitReportReporter -->
<testsuite hostname="DESKTOP-6UK72BP" failures="0" tests="3" name="gow.automation.SubmitOrderTest" time="43.723" errors="0" timestamp="2025-04-27T20:47:14 IST" skipped="0">
  <testcase classname="gow.automation.SubmitOrderTest" name="OrderHistoryTest" time="7.028"/>
  <testcase classname="gow.automation.SubmitOrderTest" name="submitOrder" time="15.269"/>
  <testcase classname="gow.automation.SubmitOrderTest" name="submitOrder" time="21.426"/>
</testsuite> <!-- gow.automation.SubmitOrderTest -->
