<?xml version="1.0" encoding="UTF-8"?>
<!-- Generated by org.testng.reporters.JUnitReportReporter -->
<testsuite hostname="DESKTOP-6UK72BP" failures="0" tests="3" name="gow.automation.ErrorValidation" time="69.901" errors="0" timestamp="2025-04-27T20:38:29 IST" skipped="1">
  <testcase classname="gow.automation.ErrorValidation" name="LoginErrorValidation" time="26.625"/>
  <testcase classname="gow.automation.ErrorValidation" name="LoginErrorValidation" time="23.377">
    <skipped/>
  </testcase> <!-- LoginErrorValidation -->
  <testcase classname="gow.automation.ErrorValidation" name="ProductErrorOrder" time="19.899"/>
</testsuite> <!-- gow.automation.ErrorValidation -->
